[debug] [2023-09-18T13:46:48.174Z] ----------------------------------------------------------------------
[debug] [2023-09-18T13:46:48.179Z] Command:       C:\Program Files\nodejs\node.exe C:\Users\HP\AppData\Roaming\npm\node_modules\firebase-tools\lib\bin\firebase.js init
[debug] [2023-09-18T13:46:48.180Z] CLI Version:   12.5.4
[debug] [2023-09-18T13:46:48.181Z] Platform:      win32
[debug] [2023-09-18T13:46:48.182Z] Node Version:  v18.15.0
[debug] [2023-09-18T13:46:48.183Z] Time:          Mon Sep 18 2023 19:16:48 GMT+0530 (India Standard Time)
[debug] [2023-09-18T13:46:48.184Z] ----------------------------------------------------------------------
[debug] 
[debug] [2023-09-18T13:46:48.210Z] > command requires scopes: ["email","openid","https://www.googleapis.com/auth/cloudplatformprojects.readonly","https://www.googleapis.com/auth/firebase","https://www.googleapis.com/auth/cloud-platform"]
[debug] [2023-09-18T13:46:48.212Z] > authorizing via signed-in user (chaudharyaditya41@gmail.com)
[info] 
     ######## #### ########  ######## ########     ###     ######  ########
     ##        ##  ##     ## ##       ##     ##  ##   ##  ##       ##
     ######    ##  ########  ######   ########  #########  ######  ######
     ##        ##  ##    ##  ##       ##     ## ##     ##       ## ##
     ##       #### ##     ## ######## ########  ##     ##  ######  ########

You're about to initialize a Firebase project in this directory:

  C:\Users\HP\Desktop\FunctionUp Projects\Blog\BlogSite-Project

[info] 
=== Project Setup
[info] 
[info] First, let's associate this project directory with a Firebase project.
[info] You can create multiple project aliases by running firebase use --add, 
[info] but for now we'll just set up a default project.
[info] 
[debug] [2023-09-18T13:47:06.899Z] >>> [apiv2][query] GET https://firebase.googleapis.com/v1beta1/projects pageSize=100
[debug] [2023-09-18T13:47:07.882Z] <<< [apiv2][status] GET https://firebase.googleapis.com/v1beta1/projects 200
[debug] [2023-09-18T13:47:07.882Z] <<< [apiv2][body] GET https://firebase.googleapis.com/v1beta1/projects [omitted]
[info] i  Using project adityasinghblog-7a45a (AdityaSinghBlog) 
[info] 
=== Functions Setup
[debug] [2023-09-18T13:47:08.643Z] > command requires scopes: ["email","openid","https://www.googleapis.com/auth/cloudplatformprojects.readonly","https://www.googleapis.com/auth/firebase","https://www.googleapis.com/auth/cloud-platform"]
[debug] [2023-09-18T13:47:08.644Z] > authorizing via signed-in user (chaudharyaditya41@gmail.com)
[debug] [2023-09-18T13:47:08.644Z] [iam] checking project adityasinghblog-7a45a for permissions ["firebase.projects.get"]
[debug] [2023-09-18T13:47:08.644Z] >>> [apiv2][query] POST https://cloudresourcemanager.googleapis.com/v1/projects/adityasinghblog-7a45a:testIamPermissions [none]
[debug] [2023-09-18T13:47:08.645Z] >>> [apiv2][(partial)header] POST https://cloudresourcemanager.googleapis.com/v1/projects/adityasinghblog-7a45a:testIamPermissions x-goog-quota-user=projects/adityasinghblog-7a45a
[debug] [2023-09-18T13:47:08.645Z] >>> [apiv2][body] POST https://cloudresourcemanager.googleapis.com/v1/projects/adityasinghblog-7a45a:testIamPermissions {"permissions":["firebase.projects.get"]}
[debug] [2023-09-18T13:47:10.261Z] <<< [apiv2][status] POST https://cloudresourcemanager.googleapis.com/v1/projects/adityasinghblog-7a45a:testIamPermissions 200
[debug] [2023-09-18T13:47:10.261Z] <<< [apiv2][body] POST https://cloudresourcemanager.googleapis.com/v1/projects/adityasinghblog-7a45a:testIamPermissions {"permissions":["firebase.projects.get"]}
[debug] [2023-09-18T13:47:10.262Z] >>> [apiv2][query] GET https://serviceusage.googleapis.com/v1/projects/adityasinghblog-7a45a/services/cloudfunctions.googleapis.com [none]
[debug] [2023-09-18T13:47:10.262Z] >>> [apiv2][(partial)header] GET https://serviceusage.googleapis.com/v1/projects/adityasinghblog-7a45a/services/cloudfunctions.googleapis.com x-goog-quota-user=projects/adityasinghblog-7a45a
[debug] [2023-09-18T13:47:10.264Z] >>> [apiv2][query] GET https://serviceusage.googleapis.com/v1/projects/adityasinghblog-7a45a/services/runtimeconfig.googleapis.com [none]
[debug] [2023-09-18T13:47:10.264Z] >>> [apiv2][(partial)header] GET https://serviceusage.googleapis.com/v1/projects/adityasinghblog-7a45a/services/runtimeconfig.googleapis.com x-goog-quota-user=projects/adityasinghblog-7a45a
[debug] [2023-09-18T13:47:12.209Z] <<< [apiv2][status] GET https://serviceusage.googleapis.com/v1/projects/adityasinghblog-7a45a/services/runtimeconfig.googleapis.com 200
[debug] [2023-09-18T13:47:12.209Z] <<< [apiv2][body] GET https://serviceusage.googleapis.com/v1/projects/adityasinghblog-7a45a/services/runtimeconfig.googleapis.com [omitted]
[debug] [2023-09-18T13:47:12.234Z] <<< [apiv2][status] GET https://serviceusage.googleapis.com/v1/projects/adityasinghblog-7a45a/services/cloudfunctions.googleapis.com 200
[debug] [2023-09-18T13:47:12.235Z] <<< [apiv2][body] GET https://serviceusage.googleapis.com/v1/projects/adityasinghblog-7a45a/services/cloudfunctions.googleapis.com [omitted]
[debug] [2023-09-18T13:47:12.235Z] >>> [apiv2][query] POST https://serviceusage.googleapis.com/v1/projects/adityasinghblog-7a45a/services/cloudfunctions.googleapis.com:enable [none]
[debug] [2023-09-18T13:47:12.235Z] >>> [apiv2][(partial)header] POST https://serviceusage.googleapis.com/v1/projects/adityasinghblog-7a45a/services/cloudfunctions.googleapis.com:enable x-goog-quota-user=projects/adityasinghblog-7a45a
[debug] [2023-09-18T13:47:14.432Z] <<< [apiv2][status] POST https://serviceusage.googleapis.com/v1/projects/adityasinghblog-7a45a/services/cloudfunctions.googleapis.com:enable 200
[debug] [2023-09-18T13:47:14.432Z] <<< [apiv2][body] POST https://serviceusage.googleapis.com/v1/projects/adityasinghblog-7a45a/services/cloudfunctions.googleapis.com:enable [omitted]
[debug] [2023-09-18T13:47:24.440Z] >>> [apiv2][query] GET https://serviceusage.googleapis.com/v1/projects/adityasinghblog-7a45a/services/cloudfunctions.googleapis.com [none]
[debug] [2023-09-18T13:47:24.440Z] >>> [apiv2][(partial)header] GET https://serviceusage.googleapis.com/v1/projects/adityasinghblog-7a45a/services/cloudfunctions.googleapis.com x-goog-quota-user=projects/adityasinghblog-7a45a
[debug] [2023-09-18T13:47:26.375Z] <<< [apiv2][status] GET https://serviceusage.googleapis.com/v1/projects/adityasinghblog-7a45a/services/cloudfunctions.googleapis.com 200
[debug] [2023-09-18T13:47:26.375Z] <<< [apiv2][body] GET https://serviceusage.googleapis.com/v1/projects/adityasinghblog-7a45a/services/cloudfunctions.googleapis.com [omitted]
[info] Let's create a new codebase for your functions.
[info] A directory corresponding to the codebase will be created in your project
[info] with sample code pre-configured.

[info] See https://firebase.google.com/docs/functions/organize-functions for
[info] more information on organizing your functions using codebases.

[info] Functions can be deployed with firebase deploy.

[info] +  Wrote functions/package.json 
[info] +  Wrote functions/index.js 
[info] +  Wrote functions/.gitignore 
[info] 
=== Hosting Setup
[info] 
[info] Your public directory is the folder (relative to your project directory) that
[info] will contain Hosting assets to be uploaded with firebase deploy. If you
[info] have a build process for your assets, use your build's output directory.
[info] 
[debug] [2023-09-18T13:50:33.203Z] >>> [apiv2][query] GET https://www.gstatic.com/firebasejs/releases.json [none]
[debug] [2023-09-18T13:50:33.322Z] <<< [apiv2][status] GET https://www.gstatic.com/firebasejs/releases.json 200
[debug] [2023-09-18T13:50:33.323Z] <<< [apiv2][body] GET https://www.gstatic.com/firebasejs/releases.json {"current":{"version":"10.4.0","browserURL":"https://www.gstatic.com/firebasejs/10.4.0/firebase.js","packageURL":"https://www.gstatic.com/firebasejs/10.4.0/firebase.tgz"},"live":{"version":"10.4","browserURL":"https://www.gstatic.com/firebasejs/live/10.4/firebase.js","packageURL":"https://www.gstatic.com/firebasejs/live/10.4/firebase.tgz"},"components":{"analytics":"https://www.gstatic.com/firebasejs/10.4.0/firebase-analytics.js","app":"https://www.gstatic.com/firebasejs/10.4.0/firebase-app.js","app-check":"https://www.gstatic.com/firebasejs/10.4.0/firebase-app-check.js","auth":"https://www.gstatic.com/firebasejs/10.4.0/firebase-auth.js","auth/cordova":"https://www.gstatic.com/firebasejs/10.4.0/firebase-auth/cordova.js","functions":"https://www.gstatic.com/firebasejs/10.4.0/firebase-functions.js","firestore":"https://www.gstatic.com/firebasejs/10.4.0/firebase-firestore.js","firestore/lite":"https://www.gstatic.com/firebasejs/10.4.0/firebase-firestore/lite.js","installations":"https://www.gstatic.com/firebasejs/10.4.0/firebase-installations.js","storage":"https://www.gstatic.com/firebasejs/10.4.0/firebase-storage.js","performance":"https://www.gstatic.com/firebasejs/10.4.0/firebase-performance.js","remote-config":"https://www.gstatic.com/firebasejs/10.4.0/firebase-remote-config.js","messaging":"https://www.gstatic.com/firebasejs/10.4.0/firebase-messaging.js","messaging/sw":"https://www.gstatic.com/firebasejs/10.4.0/firebase-messaging/sw.js","database":"https://www.gstatic.com/firebasejs/10.4.0/firebase-database.js","firestore.memory":"https://www.gstatic.com/firebasejs/10.4.0/firebase-firestore.memory.js"}}
[info] +  Wrote public/index.html 
[info] 
[info] i  Detected a .git folder at C:\Users\HP\Desktop\FunctionUp Projects\Blog\BlogSite-Project 
[info] i  Authorizing with GitHub to upload your service account to a GitHub repository's secrets store. 
[info] 
[info] Visit this URL on this device to log in:
[info] https://github.com/login/oauth/authorize?client_id=89cf50f02ac6aaed3484&state=1019963343&redirect_uri=http%3A%2F%2Flocalhost%3A9005&scope=read%3Auser%20repo%20public_repo
[info] 
[info] Waiting for authentication...
[debug] [2023-09-18T13:50:54.887Z] >>> [apiv2][query] POST https://github.com/login/oauth/access_token [none]
[debug] [2023-09-18T13:50:54.887Z] >>> [apiv2][body] POST https://github.com/login/oauth/access_token [stream]
[debug] [2023-09-18T13:50:55.547Z] <<< [apiv2][status] POST https://github.com/login/oauth/access_token 200
[debug] [2023-09-18T13:50:55.547Z] <<< [apiv2][body] POST https://github.com/login/oauth/access_token {"access_token":"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","token_type":"bearer","scope":"read:user,repo"}
[debug] [2023-09-18T13:50:55.572Z] >>> [apiv2][query] GET https://api.github.com/user [none]
[debug] [2023-09-18T13:50:56.010Z] <<< [apiv2][status] GET https://api.github.com/user 200
[debug] [2023-09-18T13:50:56.010Z] <<< [apiv2][body] GET https://api.github.com/user {"login":"adityasingh-fun","id":130737541,"node_id":"U_kgDOB8rlhQ","avatar_url":"https://avatars.githubusercontent.com/u/130737541?v=4","gravatar_id":"","url":"https://api.github.com/users/adityasingh-fun","html_url":"https://github.com/adityasingh-fun","followers_url":"https://api.github.com/users/adityasingh-fun/followers","following_url":"https://api.github.com/users/adityasingh-fun/following{/other_user}","gists_url":"https://api.github.com/users/adityasingh-fun/gists{/gist_id}","starred_url":"https://api.github.com/users/adityasingh-fun/starred{/owner}{/repo}","subscriptions_url":"https://api.github.com/users/adityasingh-fun/subscriptions","organizations_url":"https://api.github.com/users/adityasingh-fun/orgs","repos_url":"https://api.github.com/users/adityasingh-fun/repos","events_url":"https://api.github.com/users/adityasingh-fun/events{/privacy}","received_events_url":"https://api.github.com/users/adityasingh-fun/received_events","type":"User","site_admin":false,"name":null,"company":null,"blog":"","location":null,"email":null,"hireable":null,"bio":null,"twitter_username":null,"public_repos":13,"public_gists":0,"followers":0,"following":0,"created_at":"2023-04-14T06:52:20Z","updated_at":"2023-09-18T09:19:56Z","private_gists":0,"total_private_repos":0,"owned_private_repos":0,"disk_usage":15057,"collaborators":0,"two_factor_authentication":false,"plan":{"name":"free","space":976562499,"collaborators":0,"private_repos":10000}}
[info] 
[info] +  Success! Logged into GitHub as adityasingh-fun 
[info] 
[debug] [2023-09-18T13:51:06.095Z] >>> [apiv2][query] GET https://api.github.com/repos//actions/secrets/public-key type=owner
[debug] [2023-09-18T13:51:06.535Z] <<< [apiv2][status] GET https://api.github.com/repos//actions/secrets/public-key 404
[debug] [2023-09-18T13:51:06.536Z] <<< [apiv2][body] GET https://api.github.com/repos//actions/secrets/public-key {"message":"Not Found","documentation_url":"https://docs.github.com/rest"}
[info] 
[info] 
[error] !  The provided authorization cannot be used with this repository. If this repository is in an organization, did you remember to grant access? 
[info] 
[info] i  Action required: Visit this URL to ensure access has been granted to the appropriate organization(s) for the Firebase CLI GitHub OAuth App: 
[info] https://github.com/settings/connections/applications/89cf50f02ac6aaed3484
[info] 
